<?xml version="1.0" encoding="UTF-8"?>
<!-- Generated by org.testng.reporters.JUnitXMLReporter -->
<testsuite hostname="PUARAJ.local" ignored="0" name="TestCase1" tests="3" failures="0" timestamp="20 Mar 2017 11:55:01 GMT" time="5.417" errors="0">
  <testcase name="testGooglePageTitleInIEBrowser" time="0.011" classname="com.appdirect.aditya.googleMyName.GoogleMyNameTest"/>
  <testcase name="testGoogleMyName" time="0.212" classname="com.appdirect.aditya.googleMyName.GoogleMyNameTest"/>
  <testcase name="testCloseGoogle" time="0.001" classname="com.appdirect.aditya.googleMyName.GoogleMyNameTest"/>
</testsuite> <!-- TestCase1 -->
